[debug] [2021-06-09T02:41:40.856Z] ----------------------------------------------------------------------
[debug] [2021-06-09T02:41:40.858Z] Command:       /usr/bin/node /usr/bin/firebase init
[debug] [2021-06-09T02:41:40.858Z] CLI Version:   9.12.1
[debug] [2021-06-09T02:41:40.858Z] Platform:      linux
[debug] [2021-06-09T02:41:40.858Z] Node Version:  v10.18.1
[debug] [2021-06-09T02:41:40.858Z] Time:          Tue Jun 08 2021 23:41:40 GMT-0300 (Brasilia Standard Time)
[debug] [2021-06-09T02:41:40.858Z] ----------------------------------------------------------------------
[debug] 
[debug] [2021-06-09T02:41:40.863Z] > command requires scopes: ["email","openid","https://www.googleapis.com/auth/cloudplatformprojects.readonly","https://www.googleapis.com/auth/firebase","https://www.googleapis.com/auth/cloud-platform"]
[debug] [2021-06-09T02:41:40.863Z] > authorizing via signed-in user (palitos.11235@gmail.com)
[info] 
     ######## #### ########  ######## ########     ###     ######  ########
     ##        ##  ##     ## ##       ##     ##  ##   ##  ##       ##
     ######    ##  ########  ######   ########  #########  ######  ######
     ##        ##  ##    ##  ##       ##     ## ##     ##       ## ##
     ##       #### ##     ## ######## ########  ##     ##  ######  ########

You're about to initialize a Firebase project in this directory:

  /home/mateusas3s/project-react/my-app

[info] 
=== Project Setup
[info] 
[info] First, let's associate this project directory with a Firebase project.
[info] You can create multiple project aliases by running firebase use --add, 
[info] but for now we'll just set up a default project.
[info] 
[debug] [2021-06-09T02:42:20.743Z] >>> [apiv2][query] GET https://firebase.googleapis.com/v1beta1/projects pageSize=100
[debug] [2021-06-09T02:42:22.115Z] <<< [apiv2][status] GET https://firebase.googleapis.com/v1beta1/projects 200
[debug] [2021-06-09T02:42:22.115Z] <<< [apiv2][body] GET https://firebase.googleapis.com/v1beta1/projects [omitted]
[info] i  Using project my-first-project-firebas-71c77 (my-first-project-firebase) 
[info] 
=== Hosting Setup
[info] 
[info] Your public directory is the folder (relative to your project directory) that
[info] will contain Hosting assets to be uploaded with firebase deploy. If you
[info] have a build process for your assets, use your build's output directory.
[info] 
[debug] [2021-06-09T02:42:53.267Z] >>> [apiv2][query] GET https://www.gstatic.com/firebasejs/releases.json [none]
[debug] [2021-06-09T02:42:53.581Z] <<< [apiv2][status] GET https://www.gstatic.com/firebasejs/releases.json 200
[debug] [2021-06-09T02:42:53.581Z] <<< [apiv2][body] GET https://www.gstatic.com/firebasejs/releases.json {"current":{"version":"8.6.5","browserURL":"https://www.gstatic.com/firebasejs/8.6.5/firebase.js","packageURL":"https://www.gstatic.com/firebasejs/8.6.5/firebase.tgz"},"live":{"version":"8.6","browserURL":"https://www.gstatic.com/firebasejs/live/8.6/firebase.js","packageURL":"https://www.gstatic.com/firebasejs/live/8.6/firebase.tgz"},"components":{"analytics":"https://www.gstatic.com/firebasejs/8.6.5/firebase-analytics.js","app":"https://www.gstatic.com/firebasejs/8.6.5/firebase-app.js","app-check":"https://www.gstatic.com/firebasejs/8.6.5/firebase-app-check.js","auth":"https://www.gstatic.com/firebasejs/8.6.5/firebase-auth.js","database":"https://www.gstatic.com/firebasejs/8.6.5/firebase-database.js","firestore":"https://www.gstatic.com/firebasejs/8.6.5/firebase-firestore.js","functions":"https://www.gstatic.com/firebasejs/8.6.5/firebase-functions.js","installations":"https://www.gstatic.com/firebasejs/8.6.5/firebase-installations.js","messaging":"https://www.gstatic.com/firebasejs/8.6.5/firebase-messaging.js","storage":"https://www.gstatic.com/firebasejs/8.6.5/firebase-storage.js","performance":"https://www.gstatic.com/firebasejs/8.6.5/firebase-performance.js","remote-config":"https://www.gstatic.com/firebasejs/8.6.5/firebase-remote-config.js","firestore.memory":"https://www.gstatic.com/firebasejs/8.6.5/firebase-firestore.memory.js"}}
[info] ✔  Wrote public/index.html 
[info] 
[info] i  Detected a .git folder at /home/mateusas3s/project-react/my-app 
[info] i  Authorizing with GitHub to upload your service account to a GitHub repository's secrets store. 
[info] 
[info] Visit this URL on this device to log in:
[info] https://github.com/login/oauth/authorize?client_id=89cf50f02ac6aaed3484&state=756193047&redirect_uri=http%3A%2F%2Flocalhost%3A9005&scope=read%3Auser%20repo%20public_repo
[info] 
[info] Waiting for authentication...
[debug] [2021-06-09T02:43:29.413Z] >>> HTTP REQUEST POST https://github.com/login/oauth/access_token  
 {"client_id":"89cf50f02ac6aaed3484","client_secret":"3330d14abc895d9a74d5f17cd7a00711fa2c5bf0","code":"ce26b7f578b0245ce9f9","redirect_uri":"http://localhost:9005","state":"756193047"}
[debug] [2021-06-09T02:43:30.251Z] <<< HTTP RESPONSE 200 {"server":"GitHub.com","date":"Wed, 09 Jun 2021 02:43:30 GMT","content-type":"application/json; charset=utf-8","transfer-encoding":"chunked","vary":"X-PJAX, Accept-Encoding, Accept, X-Requested-With","permissions-policy":"interest-cohort=()","etag":"W/\"fc0f199f217ca129f50d51becf550f10\"","cache-control":"max-age=0, private, must-revalidate","strict-transport-security":"max-age=31536000; includeSubdomains; preload","x-frame-options":"deny","x-content-type-options":"nosniff","x-xss-protection":"0","referrer-policy":"origin-when-cross-origin, strict-origin-when-cross-origin","expect-ct":"max-age=2592000, report-uri=\"https://api.github.com/_private/browser/errors\"","content-security-policy":"default-src 'none'; base-uri 'self'; block-all-mixed-content; connect-src 'self' uploads.github.com www.githubstatus.com collector.githubapp.com api.github.com github-cloud.s3.amazonaws.com github-production-repository-file-5c1aeb.s3.amazonaws.com github-production-upload-manifest-file-7fdce7.s3.amazonaws.com github-production-user-asset-6210df.s3.amazonaws.com html-translator.herokuapp.com cdn.optimizely.com logx.optimizely.com/v1/events wss://alive.github.com; font-src github.githubassets.com; form-action 'self' github.com gist.github.com; frame-ancestors 'none'; frame-src render.githubusercontent.com; img-src 'self' data: github.githubassets.com identicons.github.com collector.githubapp.com github-cloud.s3.amazonaws.com secured-user-images.githubusercontent.com/ *.githubusercontent.com; manifest-src 'self'; media-src 'none'; script-src github.githubassets.com; style-src 'unsafe-inline' github.githubassets.com; worker-src github.com/socket-worker-3f088aa2.js gist.github.com/socket-worker-3f088aa2.js","x-github-request-id":"BB18:161A:42859F:63A040:60C02AD1"}
[debug] [2021-06-09T02:43:30.261Z] >>> [apiv2][query] GET https://api.github.com/user [none]
[debug] [2021-06-09T02:43:31.077Z] <<< [apiv2][status] GET https://api.github.com/user 200
[debug] [2021-06-09T02:43:31.077Z] <<< [apiv2][body] GET https://api.github.com/user {"login":"Mateusas3s","id":18116735,"node_id":"MDQ6VXNlcjE4MTE2NzM1","avatar_url":"https://avatars.githubusercontent.com/u/18116735?v=4","gravatar_id":"","url":"https://api.github.com/users/Mateusas3s","html_url":"https://github.com/Mateusas3s","followers_url":"https://api.github.com/users/Mateusas3s/followers","following_url":"https://api.github.com/users/Mateusas3s/following{/other_user}","gists_url":"https://api.github.com/users/Mateusas3s/gists{/gist_id}","starred_url":"https://api.github.com/users/Mateusas3s/starred{/owner}{/repo}","subscriptions_url":"https://api.github.com/users/Mateusas3s/subscriptions","organizations_url":"https://api.github.com/users/Mateusas3s/orgs","repos_url":"https://api.github.com/users/Mateusas3s/repos","events_url":"https://api.github.com/users/Mateusas3s/events{/privacy}","received_events_url":"https://api.github.com/users/Mateusas3s/received_events","type":"User","site_admin":false,"name":"Mateus Augusto Sousa e Silva","company":null,"blog":"","location":null,"email":"mateusaugusto-2009@hotmail.com","hireable":null,"bio":null,"twitter_username":null,"public_repos":15,"public_gists":2,"followers":7,"following":16,"created_at":"2016-03-28T12:38:44Z","updated_at":"2021-06-09T02:43:28Z","private_gists":0,"total_private_repos":0,"owned_private_repos":0,"disk_usage":154800,"collaborators":0,"two_factor_authentication":false,"plan":{"name":"free","space":976562499,"collaborators":0,"private_repos":10000}}
[info] 
[info] ✔  Success! Logged into GitHub as Mateusas3s 
[info] 
